#
# A fatal error has been detected by the Java Runtime Environment:
#
#  EXCEPTION_ACCESS_VIOLATION (0xc0000005) at pc=0x00007ff92507b386, pid=16180, tid=16104
#
# JRE version: OpenJDK Runtime Environment Corretto-22.0.2.9.1 (22.0.2+9) (build 22.0.2+9-FR)
# Java VM: OpenJDK 64-Bit Server VM Corretto-22.0.2.9.1 (22.0.2+9-FR, mixed mode, sharing, tiered, compressed oops, compressed class ptrs, g1 gc, windows-amd64)
# Problematic frame:
# C  [igxelpicd64.dll+0x23b386]
#
# No core dump will be written. Minidumps are not enabled by default on client versions of Windows
#
# If you would like to submit a bug report, please visit:
#   https://github.com/corretto/corretto-22/issues/
#

---------------  S U M M A R Y ------------

Command Line: -agentlib:jdwp=transport=dt_socket,address=127.0.0.1:42034,suspend=y,server=n -javaagent:C:\Users\galay\AppData\Local\JetBrains\IdeaIC2024.2\captureAgent\debugger-agent.jar -Dkotlinx.coroutines.debug.enable.creation.stack.trace=false -Ddebugger.agent.enable.coroutines=true -Dfile.encoding=UTF-8 -Dsun.stdout.encoding=UTF-8 -Dsun.stderr.encoding=UTF-8 C:\Project\Heroes Battle-1.0.0.jar

Host: 11th Gen Intel(R) Core(TM) i7-1165G7 @ 2.80GHz, 8 cores, 15G,  Windows 10 , 64 bit Build 19041 (10.0.19041.5198)
Time: Sun Jan  5 21:35:18 2025 RTZ 2 (s 10 , 64 bit Build 19041 (10.0.19041.5198) elapsed time: 139.980457 seconds (0d 0h 2m 19s)

---------------  T H R E A D  ---------------

Current thread (0x0000025c740384a0):  VMThread "VM Thread"          [id=16104, stack(0x000000b623500000,0x000000b623600000) (1024K)]

Stack: [0x000000b623500000,0x000000b623600000],  sp=0x000000b6235fe300,  free space=1016k
Native frames: (J=compiled Java code, j=interpreted, Vv=VM code, C=native code)
C  [igxelpicd64.dll+0x23b386]  (no source info available)
C  [igxelpicd64.dll+0x2682ae]  (no source info available)
C  [igxelpicd64.dll+0x2b531f]  (no source info available)
C  [igxelpicd64.dll+0x2af5c4]  (no source info available)
C  [igxelpicd64.dll+0x237945]  (no source info available)
C  [igxelpicd64.dll+0x237b45]  (no source info available)
C  [igxelpicd64.dll+0x273c4d]  (no source info available)
C  [igxelpicd64.dll+0x273a84]  (no source info available)
C  [igxelpicd64.dll+0x79efcb]  (no source info available)
C  [ntdll.dll+0x19a1d]  (no source info available)
C  [ntdll.dll+0x5f1ca]  (no source info available)
C  [ntdll.dll+0x5ef7d]  (no source info available)
C  [KERNEL32.DLL+0x1e3eb]  (no source info available)
C  [ucrtbase.dll+0x205bc]  (no source info available)
C  [ucrtbase.dll+0x2045f]  (no source info available)
V  [jvm.dll+0x6f0c5b]  (no source info available)
V  [jvm.dll+0x6f07a0]  (no source info available)
V  [jvm.dll+0x3f3c14]  (no source info available)
V  [jvm.dll+0x8e47e8]  (no source info available)
V  [jvm.dll+0x8e5b67]  (no source info available)
V  [jvm.dll+0x8e60e0]  (no source info available)
V  [jvm.dll+0x8e6373]  (no source info available)
V  [jvm.dll+0x883778]  (no source info available)
V  [jvm.dll+0x6f63c5]  (no source info available)
C  [ucrtbase.dll+0x21bb2]  (no source info available)
C  [KERNEL32.DLL+0x17374]  (no source info available)
C  [ntdll.dll+0x4cc91]  (no source info available)


siginfo: EXCEPTION_ACCESS_VIOLATION (0xc0000005), reading address 0x0000000000035468


Registers:
RAX=0x0000025c4ce84b30, RBX=0x0000025c45a2b000, RCX=0x0000000000000000, RDX=0x0000000000000000
RSP=0x000000b6235fe300, RBP=0x0000000000000000, RSI=0x0000025c4ce84a30, RDI=0x0000025c45313870
R8 =0x0000025c4ce84b30, R9 =0x0000000000000000, R10=0x0000000000000000, R11=0x0000000000000246
R12=0x0000025c4ce84a30, R13=0x0000000000000000, R14=0x0000025c4ce84f78, R15=0x0000000000000000
RIP=0x00007ff92507b386, EFLAGS=0x0000000000010206


Register to memory mapping:

RAX=0x0000025c4ce84b30 points into unknown readable memory: 0x00000000001bd49c | 9c d4 1b 00 00 00 00 00
RBX=0x0000025c45a2b000 points into unknown readable memory: 0xffffffffffffffff | ff ff ff ff ff ff ff ff
RCX=0x0 is null
RDX=0x0 is null
RSP=0x000000b6235fe300 points into unknown readable memory: 0x0000025c45a2b000 | 00 b0 a2 45 5c 02 00 00
RBP=0x0 is null
RSI=0x0000025c4ce84a30 points into unknown readable memory: 0x0000025c45a19500 | 00 95 a1 45 5c 02 00 00
RDI=0x0000025c45313870 points into unknown readable memory: 0x00007ff9ce541b01 | 01 1b 54 ce f9 7f 00 00
R8 =0x0000025c4ce84b30 points into unknown readable memory: 0x00000000001bd49c | 9c d4 1b 00 00 00 00 00
R9 =0x0 is null
R10=0x0 is null
R11=0x0000000000000246 is an unknown value
R12=0x0000025c4ce84a30 points into unknown readable memory: 0x0000025c45a19500 | 00 95 a1 45 5c 02 00 00
R13=0x0 is null
R14=0x0000025c4ce84f78 points into unknown readable memory: 0x0000000000000000 | 00 00 00 00 00 00 00 00
R15=0x0 is null

Top of Stack: (sp=0x000000b6235fe300)
0x000000b6235fe300:   0000025c45a2b000 000000b6235fe310
0x000000b6235fe310:   0000000000000002 00007ff97abb5958
0x000000b6235fe320:   0000001661000000 0000000000000000
0x000000b6235fe330:   6f697461636f766e 75662820323d736e
0x000000b6235fe340:   0000025c45a2b000 00007ff97a7a8fbf
0x000000b6235fe350:   0000025c4ce8a920 0000000000000002
0x000000b6235fe360:   0000000000000000 000000b6235fec30
0x000000b6235fe370:   000000b6235fe3a0 0000025c52e85d30
0x000000b6235fe380:   000000b6235fec60 00007ff97a7a9118
0x000000b6235fe390:   000000000000002e 00007ff97ab22a40
0x000000b6235fe3a0:   000000b6235fec90 0000000000000040
0x000000b6235fe3b0:   0000025c52e85d40 00007ff97a898e43
0x000000b6235fe3c0:   000000b6235fec60 0000025c52e85d40
0x000000b6235fe3d0:   0000025c74030b78 0000000000000019
0x000000b6235fe3e0:   0000000000000001 0000000000000000
0x000000b6235fe3f0:   0000000000000000 0000000000000000
0x000000b6235fe400:   000000b6235fe5a0 00007ff9cda0da19
0x000000b6235fe410:   000000b6235fe498 0000000000000000
0x000000b6235fe420:   0000000000000054 00007ff9cda7f070
0x000000b6235fe430:   0000000000000019 00007ff9cf7b1374
0x000000b6235fe440:   000000b6235fe5b0 0000000000000000
0x000000b6235fe450:   0000a1ef038a83ef 000000b6235fe670
0x000000b6235fe460:   0000025c45bbebb8 00000000001bd49f
0x000000b6235fe470:   0000000000000000 0000000000000017
0x000000b6235fe480:   0000000000000000 0000000000000000
0x000000b6235fe490:   000000b6235fe5a0 00007ff9250a82ae
0x000000b6235fe4a0:   0000025c45313870 0000000000000000
0x000000b6235fe4b0:   0000025c45313870 00007ff9cf72d23b
0x000000b6235fe4c0:   000000b6000009c4 0000b802001e0000
0x000000b6235fe4d0:   0000000000000000 0000025c52b70000
0x000000b6235fe4e0:   00007ff9cf778e90 00000004f46857d4
0x000000b6235fe4f0:   00000000000004b4 0000025c52b71c28 

Instructions: (pc=0x00007ff92507b386)
0x00007ff92507b286:   00 90 4c 8b bf 80 02 00 00 48 8b 05 9a 85 bd 00
0x00007ff92507b296:   8b 80 c8 0a 00 00 89 44 24 24 c6 44 24 20 00 48
0x00007ff92507b2a6:   c7 87 80 02 00 00 00 00 00 00 c7 87 88 02 00 00
0x00007ff92507b2b6:   00 00 00 00 48 c7 87 a0 02 00 00 00 00 00 00 48
0x00007ff92507b2c6:   c7 87 90 02 00 00 00 00 00 00 48 85 ed 75 3d 8b
0x00007ff92507b2d6:   35 0d 77 cd 00 65 48 8b 04 25 58 00 00 00 b9 14
0x00007ff92507b2e6:   00 00 00 48 8b 04 f0 40 38 2c 01 0f 84 c9 e7 75
0x00007ff92507b2f6:   00 65 48 8b 04 25 58 00 00 00 bd 20 00 00 00 48
0x00007ff92507b306:   8b 04 f0 48 8b 2c 28 48 89 6c 24 28 48 3b 2d 07
0x00007ff92507b316:   9b cd 00 0f 84 9b 10 00 00 4d 85 ff 0f 84 3a 01
0x00007ff92507b326:   00 00 0f 1f 84 00 00 00 00 00 49 8b f7 4d 8b e7
0x00007ff92507b336:   4d 8d b7 48 05 00 00 4d 8b 3e 45 84 ed 0f 85 d9
0x00007ff92507b346:   0e 00 00 8b 8f d0 01 00 00 48 8b 05 da 84 bd 00
0x00007ff92507b356:   83 b8 64 03 00 00 02 75 34 4d 8d 84 24 00 01 00
0x00007ff92507b366:   00 83 f9 10 0f 83 3a 01 00 00 8b c1 48 c1 e0 06
0x00007ff92507b376:   49 03 c0 48 85 c0 0f 84 9b 01 00 00 48 8b 50 08
0x00007ff92507b386:   48 3b 95 68 54 03 00 0f 87 b6 0e 00 00 48 83 be
0x00007ff92507b396:   c0 05 00 00 00 0f 85 50 e7 75 00 44 8b 8f d0 01
0x00007ff92507b3a6:   00 00 48 8b 87 e8 01 00 00 4c 8b 00 8b 8f d0 01
0x00007ff92507b3b6:   00 00 48 8d 9e 00 01 00 00 83 f9 10 0f 83 1e 01
0x00007ff92507b3c6:   00 00 8b c1 48 c1 e0 06 48 03 c3 48 85 c0 0f 84
0x00007ff92507b3d6:   4a 01 00 00 4c 39 40 08 0f 86 40 01 00 00 48 8b
0x00007ff92507b3e6:   87 80 02 00 00 49 89 06 48 89 b7 80 02 00 00 ff
0x00007ff92507b3f6:   87 88 02 00 00 48 8b 4e 08 48 8b 01 ba 01 00 00
0x00007ff92507b406:   00 48 8b 80 e0 02 00 00 ff 15 f4 c1 88 00 0f b7
0x00007ff92507b416:   c8 48 2b c1 48 05 00 00 01 00 48 01 87 90 02 00
0x00007ff92507b426:   00 48 8b 4e 08 48 8b 01 ba 01 00 00 00 48 8b 80
0x00007ff92507b436:   e0 02 00 00 ff 15 c8 c1 88 00 48 01 87 a0 02 00
0x00007ff92507b446:   00 0f b6 54 24 20 4d 85 ff 0f 85 db fe ff ff 84
0x00007ff92507b456:   d2 0f 85 37 0f 00 00 48 8b 5c 24 40 48 8b cf 80
0x00007ff92507b466:   7c 24 22 00 0f 85 40 0f 00 00 e8 3b f9 ff ff 90
0x00007ff92507b476:   48 8b cb ff 15 99 bc 88 00 48 8b 8c 24 50 01 00 


Stack slot to memory mapping:

stack at sp + 0 slots: 0x0000025c45a2b000 points into unknown readable memory: 0xffffffffffffffff | ff ff ff ff ff ff ff ff
stack at sp + 1 slots: 0x000000b6235fe310 points into unknown readable memory: 0x0000000000000002 | 02 00 00 00 00 00 00 00
stack at sp + 2 slots: 0x0000000000000002 is an unknown value
stack at sp + 3 slots: 0x00007ff97abb5958 jvm.dll
stack at sp + 4 slots: 0x0000001661000000 is an unknown value
stack at sp + 5 slots: 0x0 is null
stack at sp + 6 slots: 0x6f697461636f766e is an unknown value
stack at sp + 7 slots: 0x75662820323d736e is an unknown value

VM_Operation (0x000000b622cfef30): Exit, mode: safepoint, requested by thread 0x0000025c4533b6f0


---------------  P R O C E S S  ---------------

Threads class SMR info:
_java_thread_list=0x0000025c517cc2c0, length=16, elements={
0x0000025c52d226c0, 0x0000025c74053fc0, 0x0000025c74055cf0, 0x0000025c74058c20,
0x0000025c74059900, 0x0000025c7405ab00, 0x0000025c7405f5c0, 0x0000025c740623f0,
0x0000025c74063250, 0x0000025c7401a940, 0x0000025c4533b060, 0x0000025c4532ed60,
0x0000025c459f0430, 0x0000025c4cea13a0, 0x0000025c4cffae30, 0x0000025c4533b6f0
}

Java Threads: ( => current thread )
  0x0000025c52d226c0 JavaThread "main"                              [_thread_blocked, id=14380, stack(0x000000b622e00000,0x000000b622f00000) (1024K)]
  0x0000025c74053fc0 JavaThread "Reference Handler"          daemon [_thread_blocked, id=8880, stack(0x000000b623600000,0x000000b623700000) (1024K)]
  0x0000025c74055cf0 JavaThread "Finalizer"                  daemon [_thread_blocked, id=11600, stack(0x000000b623700000,0x000000b623800000) (1024K)]
  0x0000025c74058c20 JavaThread "Signal Dispatcher"          daemon [_thread_blocked, id=15408, stack(0x000000b623800000,0x000000b623900000) (1024K)]
  0x0000025c74059900 JavaThread "Attach Listener"            daemon [_thread_blocked, id=15916, stack(0x000000b623900000,0x000000b623a00000) (1024K)]
  0x0000025c7405ab00 JavaThread "Service Thread"             daemon [_thread_blocked, id=16236, stack(0x000000b623a00000,0x000000b623b00000) (1024K)]
  0x0000025c7405f5c0 JavaThread "Monitor Deflation Thread"   daemon [_thread_blocked, id=8516, stack(0x000000b623b00000,0x000000b623c00000) (1024K)]
  0x0000025c740623f0 JavaThread "C2 CompilerThread0"         daemon [_thread_blocked, id=13080, stack(0x000000b623c00000,0x000000b623d00000) (1024K)]
  0x0000025c74063250 JavaThread "C1 CompilerThread0"         daemon [_thread_blocked, id=12064, stack(0x000000b623d00000,0x000000b623e00000) (1024K)]
  0x0000025c7401a940 JavaThread "Common-Cleaner"             daemon [_thread_blocked, id=2016, stack(0x000000b623e00000,0x000000b623f00000) (1024K)]
  0x0000025c4533b060 JavaThread "JDWP Event Helper Thread"   daemon [_thread_blocked, id=3704, stack(0x000000b624100000,0x000000b624200000) (1024K)]
  0x0000025c4532ed60 JavaThread "Notification Thread"        daemon [_thread_blocked, id=3896, stack(0x000000b624300000,0x000000b624400000) (1024K)]
  0x0000025c459f0430 JavaThread "Thread-0"                   daemon [_thread_blocked, id=10668, stack(0x000000b624900000,0x000000b624a00000) (1024K)]
  0x0000025c4cea13a0 JavaThread "LWJGL3 Timer"               daemon [_thread_blocked, id=9820, stack(0x000000b624d00000,0x000000b624e00000) (1024K)]
  0x0000025c4cffae30 JavaThread "Thread-3"                          [_thread_blocked, id=1880, stack(0x000000b622b00000,0x000000b622c00000) (1024K)]
  0x0000025c4533b6f0 JavaThread "SIGINT handler"             daemon [_thread_blocked, id=13244, stack(0x000000b622c00000,0x000000b622d00000) (1024K)]
Total: 16

Other Threads:
=>0x0000025c740384a0 VMThread "VM Thread"                           [id=16104, stack(0x000000b623500000,0x000000b623600000) (1024K)]
  0x0000025c52edbb80 WorkerThread "GC Thread#0"                     [id=4596, stack(0x000000b622f00000,0x000000b623000000) (1024K)]
  0x0000025c4cfdc670 WorkerThread "GC Thread#1"                     [id=15320, stack(0x000000b624c00000,0x000000b624d00000) (1024K)]
  0x0000025c456604c0 WorkerThread "GC Thread#2"                     [id=2980, stack(0x000000b624e00000,0x000000b624f00000) (1024K)]
  0x0000025c4cf131e0 WorkerThread "GC Thread#3"                     [id=16120, stack(0x000000b624f00000,0x000000b625000000) (1024K)]
  0x0000025c4cfd6330 WorkerThread "GC Thread#4"                     [id=6700, stack(0x000000b625000000,0x000000b625100000) (1024K)]
  0x0000025c4cfd66e0 WorkerThread "GC Thread#5"                     [id=15340, stack(0x000000b625100000,0x000000b625200000) (1024K)]
  0x0000025c4d1baf30 WorkerThread "GC Thread#6"                     [id=15988, stack(0x000000b625200000,0x000000b625300000) (1024K)]
  0x0000025c4d1bb2e0 WorkerThread "GC Thread#7"                     [id=15960, stack(0x000000b625300000,0x000000b625400000) (1024K)]
  0x0000025c52eec900 ConcurrentGCThread "G1 Main Marker"            terminated
  0x0000025c52eed320 WorkerThread "G1 Conc#0"                       [id=16280, stack(0x000000b623100000,0x000000b623200000) (1024K)]
  0x0000025c52f3e470 ConcurrentGCThread "G1 Refine#0"               terminated
  0x0000025c73eec140 ConcurrentGCThread "G1 Service"                terminated
Total: 13

Threads with active compile tasks:
C2 CompilerThread0  140133 2476       4       java.lang.String::<init> (98 bytes)
C1 CompilerThread0  140134 2480       3       java.lang.invoke.MethodHandle::getApproximateCommonClassLoader (58 bytes)
Total: 2

VM state: at safepoint (shutting down)

VM Mutex/Monitor currently owned by a thread:  ([mutex/lock_event])
[0x00007ff97ae8ff10] Threads_lock - owner thread: 0x0000025c740384a0
[0x00007ff97ae90010] Heap_lock - owner thread: 0x0000025c4533b6f0

Heap address: 0x0000000703200000, size: 4046 MB, Compressed Oops mode: Zero based, Oop shift amount: 3

CDS archive(s) mapped at: [0x0000025c00000000-0x0000025c00c60000-0x0000025c00c60000), size 12976128, SharedBaseAddress: 0x0000025c00000000, ArchiveRelocationMode: 1.
Compressed class space mapped at: 0x0000025c01000000-0x0000025c41000000, reserved size: 1073741824
Narrow klass base: 0x0000025c00000000, Narrow klass shift: 0, Narrow klass range: 0x41000000

GC Precious Log:
 CardTable entry size: 512
 Card Set container configuration: InlinePtr #cards 4 size 8 Array Of Cards #cards 16 size 48 Howl #buckets 8 coarsen threshold 3686 Howl Bitmap #cards 512 size 80 coarsen threshold 460 Card regions per heap region 1 cards per card region 4096
 CPUs: 8 total, 8 available
 Memory: 16183M
 Large Page Support: Disabled
 NUMA Support: Disabled
 Compressed Oops: Enabled (Zero based)
 Heap Region Size: 2M
 Heap Min Capacity: 8M
 Heap Initial Capacity: 254M
 Heap Max Capacity: 4046M
 Pre-touch: Disabled
 Parallel Workers: 8
 Concurrent Workers: 2
 Concurrent Refinement Workers: 8
 Periodic GC: Disabled

Heap:
 garbage-first heap   total reserved 4143104K, committed 260096K, used 27197K [0x0000000703200000, 0x0000000800000000)
  region size 2048K, 15 young (30720K), 3 survivors (6144K)
 Metaspace       used 8948K, committed 9280K, reserved 1114112K
  class space    used 744K, committed 896K, reserved 1048576K

Heap Regions: E=young(eden), S=young(survivor), O=old, HS=humongous(starts), HC=humongous(continues), CS=collection set, F=free, TAMS=top-at-mark-start, PB=parsable bottom
|   0|0x0000000703200000, 0x0000000703200000, 0x0000000703400000|  0%| F|  |TAMS 0x0000000703200000| PB 0x0000000703200000| Untracked |  0
|   1|0x0000000703400000, 0x0000000703400000, 0x0000000703600000|  0%| F|  |TAMS 0x0000000703400000| PB 0x0000000703400000| Untracked |  0
|   2|0x0000000703600000, 0x0000000703600000, 0x0000000703800000|  0%| F|  |TAMS 0x0000000703600000| PB 0x0000000703600000| Untracked |  0
|   3|0x0000000703800000, 0x0000000703800000, 0x0000000703a00000|  0%| F|  |TAMS 0x0000000703800000| PB 0x0000000703800000| Untracked |  0
|   4|0x0000000703a00000, 0x0000000703a00000, 0x0000000703c00000|  0%| F|  |TAMS 0x0000000703a00000| PB 0x0000000703a00000| Untracked |  0
|   5|0x0000000703c00000, 0x0000000703c00000, 0x0000000703e00000|  0%| F|  |TAMS 0x0000000703c00000| PB 0x0000000703c00000| Untracked |  0
|   6|0x0000000703e00000, 0x0000000703e00000, 0x0000000704000000|  0%| F|  |TAMS 0x0000000703e00000| PB 0x0000000703e00000| Untracked |  0
|   7|0x0000000704000000, 0x0000000704000000, 0x0000000704200000|  0%| F|  |TAMS 0x0000000704000000| PB 0x0000000704000000| Untracked |  0
|   8|0x0000000704200000, 0x0000000704200000, 0x0000000704400000|  0%| F|  |TAMS 0x0000000704200000| PB 0x0000000704200000| Untracked |  0
|   9|0x0000000704400000, 0x0000000704400000, 0x0000000704600000|  0%| F|  |TAMS 0x0000000704400000| PB 0x0000000704400000| Untracked |  0
|  10|0x0000000704600000, 0x0000000704600000, 0x0000000704800000|  0%| F|  |TAMS 0x0000000704600000| PB 0x0000000704600000| Untracked |  0
|  11|0x0000000704800000, 0x0000000704800000, 0x0000000704a00000|  0%| F|  |TAMS 0x0000000704800000| PB 0x0000000704800000| Untracked |  0
|  12|0x0000000704a00000, 0x0000000704a00000, 0x0000000704c00000|  0%| F|  |TAMS 0x0000000704a00000| PB 0x0000000704a00000| Untracked |  0
|  13|0x0000000704c00000, 0x0000000704c00000, 0x0000000704e00000|  0%| F|  |TAMS 0x0000000704c00000| PB 0x0000000704c00000| Untracked |  0
|  14|0x0000000704e00000, 0x0000000704e00000, 0x0000000705000000|  0%| F|  |TAMS 0x0000000704e00000| PB 0x0000000704e00000| Untracked |  0
|  15|0x0000000705000000, 0x0000000705000000, 0x0000000705200000|  0%| F|  |TAMS 0x0000000705000000| PB 0x0000000705000000| Untracked |  0
|  16|0x0000000705200000, 0x0000000705200000, 0x0000000705400000|  0%| F|  |TAMS 0x0000000705200000| PB 0x0000000705200000| Untracked |  0
|  17|0x0000000705400000, 0x0000000705400000, 0x0000000705600000|  0%| F|  |TAMS 0x0000000705400000| PB 0x0000000705400000| Untracked |  0
|  18|0x0000000705600000, 0x0000000705600000, 0x0000000705800000|  0%| F|  |TAMS 0x0000000705600000| PB 0x0000000705600000| Untracked |  0
|  19|0x0000000705800000, 0x0000000705800000, 0x0000000705a00000|  0%| F|  |TAMS 0x0000000705800000| PB 0x0000000705800000| Untracked |  0
|  20|0x0000000705a00000, 0x0000000705a00000, 0x0000000705c00000|  0%| F|  |TAMS 0x0000000705a00000| PB 0x0000000705a00000| Untracked |  0
|  21|0x0000000705c00000, 0x0000000705c00000, 0x0000000705e00000|  0%| F|  |TAMS 0x0000000705c00000| PB 0x0000000705c00000| Untracked |  0
|  22|0x0000000705e00000, 0x0000000705e00000, 0x0000000706000000|  0%| F|  |TAMS 0x0000000705e00000| PB 0x0000000705e00000| Untracked |  0
|  23|0x0000000706000000, 0x0000000706000000, 0x0000000706200000|  0%| F|  |TAMS 0x0000000706000000| PB 0x0000000706000000| Untracked |  0
|  24|0x0000000706200000, 0x0000000706200000, 0x0000000706400000|  0%| F|  |TAMS 0x0000000706200000| PB 0x0000000706200000| Untracked |  0
|  25|0x0000000706400000, 0x0000000706400000, 0x0000000706600000|  0%| F|  |TAMS 0x0000000706400000| PB 0x0000000706400000| Untracked |  0
|  26|0x0000000706600000, 0x0000000706600000, 0x0000000706800000|  0%| F|  |TAMS 0x0000000706600000| PB 0x0000000706600000| Untracked |  0
|  27|0x0000000706800000, 0x0000000706800000, 0x0000000706a00000|  0%| F|  |TAMS 0x0000000706800000| PB 0x0000000706800000| Untracked |  0
|  28|0x0000000706a00000, 0x0000000706a00000, 0x0000000706c00000|  0%| F|  |TAMS 0x0000000706a00000| PB 0x0000000706a00000| Untracked |  0
|  29|0x0000000706c00000, 0x0000000706c00000, 0x0000000706e00000|  0%| F|  |TAMS 0x0000000706c00000| PB 0x0000000706c00000| Untracked |  0
|  30|0x0000000706e00000, 0x0000000706e00000, 0x0000000707000000|  0%| F|  |TAMS 0x0000000706e00000| PB 0x0000000706e00000| Untracked |  0
|  31|0x0000000707000000, 0x0000000707000000, 0x0000000707200000|  0%| F|  |TAMS 0x0000000707000000| PB 0x0000000707000000| Untracked |  0
|  32|0x0000000707200000, 0x0000000707200000, 0x0000000707400000|  0%| F|  |TAMS 0x0000000707200000| PB 0x0000000707200000| Untracked |  0
|  33|0x0000000707400000, 0x0000000707400000, 0x0000000707600000|  0%| F|  |TAMS 0x0000000707400000| PB 0x0000000707400000| Untracked |  0
|  34|0x0000000707600000, 0x0000000707600000, 0x0000000707800000|  0%| F|  |TAMS 0x0000000707600000| PB 0x0000000707600000| Untracked |  0
|  35|0x0000000707800000, 0x0000000707800000, 0x0000000707a00000|  0%| F|  |TAMS 0x0000000707800000| PB 0x0000000707800000| Untracked |  0
|  36|0x0000000707a00000, 0x0000000707a00000, 0x0000000707c00000|  0%| F|  |TAMS 0x0000000707a00000| PB 0x0000000707a00000| Untracked |  0
|  37|0x0000000707c00000, 0x0000000707c00000, 0x0000000707e00000|  0%| F|  |TAMS 0x0000000707c00000| PB 0x0000000707c00000| Untracked |  0
|  38|0x0000000707e00000, 0x0000000707e00000, 0x0000000708000000|  0%| F|  |TAMS 0x0000000707e00000| PB 0x0000000707e00000| Untracked |  0
|  39|0x0000000708000000, 0x0000000708000000, 0x0000000708200000|  0%| F|  |TAMS 0x0000000708000000| PB 0x0000000708000000| Untracked |  0
|  40|0x0000000708200000, 0x0000000708200000, 0x0000000708400000|  0%| F|  |TAMS 0x0000000708200000| PB 0x0000000708200000| Untracked |  0
|  41|0x0000000708400000, 0x0000000708400000, 0x0000000708600000|  0%| F|  |TAMS 0x0000000708400000| PB 0x0000000708400000| Untracked |  0
|  42|0x0000000708600000, 0x0000000708600000, 0x0000000708800000|  0%| F|  |TAMS 0x0000000708600000| PB 0x0000000708600000| Untracked |  0
|  43|0x0000000708800000, 0x0000000708800000, 0x0000000708a00000|  0%| F|  |TAMS 0x0000000708800000| PB 0x0000000708800000| Untracked |  0
|  44|0x0000000708a00000, 0x0000000708a00000, 0x0000000708c00000|  0%| F|  |TAMS 0x0000000708a00000| PB 0x0000000708a00000| Untracked |  0
|  45|0x0000000708c00000, 0x0000000708c00000, 0x0000000708e00000|  0%| F|  |TAMS 0x0000000708c00000| PB 0x0000000708c00000| Untracked |  0
|  46|0x0000000708e00000, 0x0000000708e00000, 0x0000000709000000|  0%| F|  |TAMS 0x0000000708e00000| PB 0x0000000708e00000| Untracked |  0
|  47|0x0000000709000000, 0x0000000709000000, 0x0000000709200000|  0%| F|  |TAMS 0x0000000709000000| PB 0x0000000709000000| Untracked |  0
|  48|0x0000000709200000, 0x0000000709200000, 0x0000000709400000|  0%| F|  |TAMS 0x0000000709200000| PB 0x0000000709200000| Untracked |  0
|  49|0x0000000709400000, 0x0000000709400000, 0x0000000709600000|  0%| F|  |TAMS 0x0000000709400000| PB 0x0000000709400000| Untracked |  0
|  50|0x0000000709600000, 0x0000000709600000, 0x0000000709800000|  0%| F|  |TAMS 0x0000000709600000| PB 0x0000000709600000| Untracked |  0
|  51|0x0000000709800000, 0x0000000709800000, 0x0000000709a00000|  0%| F|  |TAMS 0x0000000709800000| PB 0x0000000709800000| Untracked |  0
|  52|0x0000000709a00000, 0x0000000709a00000, 0x0000000709c00000|  0%| F|  |TAMS 0x0000000709a00000| PB 0x0000000709a00000| Untracked |  0
|  53|0x0000000709c00000, 0x0000000709c00000, 0x0000000709e00000|  0%| F|  |TAMS 0x0000000709c00000| PB 0x0000000709c00000| Untracked |  0
|  54|0x0000000709e00000, 0x0000000709e00000, 0x000000070a000000|  0%| F|  |TAMS 0x0000000709e00000| PB 0x0000000709e00000| Untracked |  0
|  55|0x000000070a000000, 0x000000070a000000, 0x000000070a200000|  0%| F|  |TAMS 0x000000070a000000| PB 0x000000070a000000| Untracked |  0
|  56|0x000000070a200000, 0x000000070a200000, 0x000000070a400000|  0%| F|  |TAMS 0x000000070a200000| PB 0x000000070a200000| Untracked |  0
|  57|0x000000070a400000, 0x000000070a400000, 0x000000070a600000|  0%| F|  |TAMS 0x000000070a400000| PB 0x000000070a400000| Untracked |  0
|  58|0x000000070a600000, 0x000000070a600000, 0x000000070a800000|  0%| F|  |TAMS 0x000000070a600000| PB 0x000000070a600000| Untracked |  0
|  59|0x000000070a800000, 0x000000070a800000, 0x000000070aa00000|  0%| F|  |TAMS 0x000000070a800000| PB 0x000000070a800000| Untracked |  0
|  60|0x000000070aa00000, 0x000000070aa00000, 0x000000070ac00000|  0%| F|  |TAMS 0x000000070aa00000| PB 0x000000070aa00000| Untracked |  0
|  61|0x000000070ac00000, 0x000000070ac00000, 0x000000070ae00000|  0%| F|  |TAMS 0x000000070ac00000| PB 0x000000070ac00000| Untracked |  0
|  62|0x000000070ae00000, 0x000000070ae00000, 0x000000070b000000|  0%| F|  |TAMS 0x000000070ae00000| PB 0x000000070ae00000| Untracked |  0
|  63|0x000000070b000000, 0x000000070b000000, 0x000000070b200000|  0%| F|  |TAMS 0x000000070b000000| PB 0x000000070b000000| Untracked |  0
|  64|0x000000070b200000, 0x000000070b200000, 0x000000070b400000|  0%| F|  |TAMS 0x000000070b200000| PB 0x000000070b200000| Untracked |  0
|  65|0x000000070b400000, 0x000000070b400000, 0x000000070b600000|  0%| F|  |TAMS 0x000000070b400000| PB 0x000000070b400000| Untracked |  0
|  66|0x000000070b600000, 0x000000070b600000, 0x000000070b800000|  0%| F|  |TAMS 0x000000070b600000| PB 0x000000070b600000| Untracked |  0
|  67|0x000000070b800000, 0x000000070b800000, 0x000000070ba00000|  0%| F|  |TAMS 0x000000070b800000| PB 0x000000070b800000| Untracked |  0
|  68|0x000000070ba00000, 0x000000070ba00000, 0x000000070bc00000|  0%| F|  |TAMS 0x000000070ba00000| PB 0x000000070ba00000| Untracked |  0
|  69|0x000000070bc00000, 0x000000070bc00000, 0x000000070be00000|  0%| F|  |TAMS 0x000000070bc00000| PB 0x000000070bc00000| Untracked |  0
|  70|0x000000070be00000, 0x000000070be00000, 0x000000070c000000|  0%| F|  |TAMS 0x000000070be00000| PB 0x000000070be00000| Untracked |  0
|  71|0x000000070c000000, 0x000000070c000000, 0x000000070c200000|  0%| F|  |TAMS 0x000000070c000000| PB 0x000000070c000000| Untracked |  0
|  72|0x000000070c200000, 0x000000070c200000, 0x000000070c400000|  0%| F|  |TAMS 0x000000070c200000| PB 0x000000070c200000| Untracked |  0
|  73|0x000000070c400000, 0x000000070c400000, 0x000000070c600000|  0%| F|  |TAMS 0x000000070c400000| PB 0x000000070c400000| Untracked |  0
|  74|0x000000070c600000, 0x000000070c600000, 0x000000070c800000|  0%| F|  |TAMS 0x000000070c600000| PB 0x000000070c600000| Untracked |  0
|  75|0x000000070c800000, 0x000000070c800000, 0x000000070ca00000|  0%| F|  |TAMS 0x000000070c800000| PB 0x000000070c800000| Untracked |  0
|  76|0x000000070ca00000, 0x000000070ca00000, 0x000000070cc00000|  0%| F|  |TAMS 0x000000070ca00000| PB 0x000000070ca00000| Untracked |  0
|  77|0x000000070cc00000, 0x000000070cc00000, 0x000000070ce00000|  0%| F|  |TAMS 0x000000070cc00000| PB 0x000000070cc00000| Untracked |  0
|  78|0x000000070ce00000, 0x000000070ce00000, 0x000000070d000000|  0%| F|  |TAMS 0x000000070ce00000| PB 0x000000070ce00000| Untracked |  0
|  79|0x000000070d000000, 0x000000070d000000, 0x000000070d200000|  0%| F|  |TAMS 0x000000070d000000| PB 0x000000070d000000| Untracked |  0
|  80|0x000000070d200000, 0x000000070d200000, 0x000000070d400000|  0%| F|  |TAMS 0x000000070d200000| PB 0x000000070d200000| Untracked |  0
|  81|0x000000070d400000, 0x000000070d400000, 0x000000070d600000|  0%| F|  |TAMS 0x000000070d400000| PB 0x000000070d400000| Untracked |  0
|  82|0x000000070d600000, 0x000000070d600000, 0x000000070d800000|  0%| F|  |TAMS 0x000000070d600000| PB 0x000000070d600000| Untracked |  0
|  83|0x000000070d800000, 0x000000070d800000, 0x000000070da00000|  0%| F|  |TAMS 0x000000070d800000| PB 0x000000070d800000| Untracked |  0
|  84|0x000000070da00000, 0x000000070da00000, 0x000000070dc00000|  0%| F|  |TAMS 0x000000070da00000| PB 0x000000070da00000| Untracked |  0
|  85|0x000000070dc00000, 0x000000070dc00000, 0x000000070de00000|  0%| F|  |TAMS 0x000000070dc00000| PB 0x000000070dc00000| Untracked |  0
|  86|0x000000070de00000, 0x000000070de00000, 0x000000070e000000|  0%| F|  |TAMS 0x000000070de00000| PB 0x000000070de00000| Untracked |  0
|  87|0x000000070e000000, 0x000000070e000000, 0x000000070e200000|  0%| F|  |TAMS 0x000000070e000000| PB 0x000000070e000000| Untracked |  0
|  88|0x000000070e200000, 0x000000070e200000, 0x000000070e400000|  0%| F|  |TAMS 0x000000070e200000| PB 0x000000070e200000| Untracked |  0
|  89|0x000000070e400000, 0x000000070e400000, 0x000000070e600000|  0%| F|  |TAMS 0x000000070e400000| PB 0x000000070e400000| Untracked |  0
|  90|0x000000070e600000, 0x000000070e600000, 0x000000070e800000|  0%| F|  |TAMS 0x000000070e600000| PB 0x000000070e600000| Untracked |  0
|  91|0x000000070e800000, 0x000000070e800000, 0x000000070ea00000|  0%| F|  |TAMS 0x000000070e800000| PB 0x000000070e800000| Untracked |  0
|  92|0x000000070ea00000, 0x000000070ea00000, 0x000000070ec00000|  0%| F|  |TAMS 0x000000070ea00000| PB 0x000000070ea00000| Untracked |  0
|  93|0x000000070ec00000, 0x000000070ec00000, 0x000000070ee00000|  0%| F|  |TAMS 0x000000070ec00000| PB 0x000000070ec00000| Untracked |  0
|  94|0x000000070ee00000, 0x000000070ee00000, 0x000000070f000000|  0%| F|  |TAMS 0x000000070ee00000| PB 0x000000070ee00000| Untracked |  0
|  95|0x000000070f000000, 0x000000070f000000, 0x000000070f200000|  0%| F|  |TAMS 0x000000070f000000| PB 0x000000070f000000| Untracked |  0
|  96|0x000000070f200000, 0x000000070f200000, 0x000000070f400000|  0%| F|  |TAMS 0x000000070f200000| PB 0x000000070f200000| Untracked |  0
|  97|0x000000070f400000, 0x000000070f400000, 0x000000070f600000|  0%| F|  |TAMS 0x000000070f400000| PB 0x000000070f400000| Untracked |  0
|  98|0x000000070f600000, 0x000000070f600000, 0x000000070f800000|  0%| F|  |TAMS 0x000000070f600000| PB 0x000000070f600000| Untracked |  0
|  99|0x000000070f800000, 0x000000070f800000, 0x000000070fa00000|  0%| F|  |TAMS 0x000000070f800000| PB 0x000000070f800000| Untracked |  0
| 100|0x000000070fa00000, 0x000000070fa00000, 0x000000070fc00000|  0%| F|  |TAMS 0x000000070fa00000| PB 0x000000070fa00000| Untracked |  0
| 101|0x000000070fc00000, 0x000000070fc8f500, 0x000000070fe00000| 27%| S|CS|TAMS 0x000000070fc00000| PB 0x000000070fc00000| Complete |  0
| 102|0x000000070fe00000, 0x0000000710000000, 0x0000000710000000|100%| S|CS|TAMS 0x000000070fe00000| PB 0x000000070fe00000| Complete |  0
| 103|0x0000000710000000, 0x0000000710200000, 0x0000000710200000|100%| S|CS|TAMS 0x0000000710000000| PB 0x0000000710000000| Complete |  0
| 104|0x0000000710200000, 0x0000000710200000, 0x0000000710400000|  0%| F|  |TAMS 0x0000000710200000| PB 0x0000000710200000| Untracked |  0
| 105|0x0000000710400000, 0x0000000710400000, 0x0000000710600000|  0%| F|  |TAMS 0x0000000710400000| PB 0x0000000710400000| Untracked |  0
| 106|0x0000000710600000, 0x0000000710600000, 0x0000000710800000|  0%| F|  |TAMS 0x0000000710600000| PB 0x0000000710600000| Untracked |  0
| 107|0x0000000710800000, 0x0000000710800000, 0x0000000710a00000|  0%| F|  |TAMS 0x0000000710800000| PB 0x0000000710800000| Untracked |  0
| 108|0x0000000710a00000, 0x0000000710a00000, 0x0000000710c00000|  0%| F|  |TAMS 0x0000000710a00000| PB 0x0000000710a00000| Untracked |  0
| 109|0x0000000710c00000, 0x0000000710c00000, 0x0000000710e00000|  0%| F|  |TAMS 0x0000000710c00000| PB 0x0000000710c00000| Untracked |  0
| 110|0x0000000710e00000, 0x0000000710e00000, 0x0000000711000000|  0%| F|  |TAMS 0x0000000710e00000| PB 0x0000000710e00000| Untracked |  0
| 111|0x0000000711000000, 0x0000000711000000, 0x0000000711200000|  0%| F|  |TAMS 0x0000000711000000| PB 0x0000000711000000| Untracked |  0
| 112|0x0000000711200000, 0x0000000711200000, 0x0000000711400000|  0%| F|  |TAMS 0x0000000711200000| PB 0x0000000711200000| Untracked |  0
| 113|0x0000000711400000, 0x0000000711400000, 0x0000000711600000|  0%| F|  |TAMS 0x0000000711400000| PB 0x0000000711400000| Untracked |  0
| 114|0x0000000711600000, 0x0000000711600000, 0x0000000711800000|  0%| F|  |TAMS 0x0000000711600000| PB 0x0000000711600000| Untracked |  0
| 115|0x0000000711800000, 0x0000000711a00000, 0x0000000711a00000|100%| E|  |TAMS 0x0000000711800000| PB 0x0000000711800000| Complete |  0
| 116|0x0000000711a00000, 0x0000000711c00000, 0x0000000711c00000|100%| E|CS|TAMS 0x0000000711a00000| PB 0x0000000711a00000| Complete |  0
| 117|0x0000000711c00000, 0x0000000711e00000, 0x0000000711e00000|100%| E|CS|TAMS 0x0000000711c00000| PB 0x0000000711c00000| Complete |  0
| 118|0x0000000711e00000, 0x0000000712000000, 0x0000000712000000|100%| E|CS|TAMS 0x0000000711e00000| PB 0x0000000711e00000| Complete |  0
| 119|0x0000000712000000, 0x0000000712200000, 0x0000000712200000|100%| E|CS|TAMS 0x0000000712000000| PB 0x0000000712000000| Complete |  0
| 120|0x0000000712200000, 0x0000000712400000, 0x0000000712400000|100%| E|CS|TAMS 0x0000000712200000| PB 0x0000000712200000| Complete |  0
| 121|0x0000000712400000, 0x0000000712600000, 0x0000000712600000|100%| E|CS|TAMS 0x0000000712400000| PB 0x0000000712400000| Complete |  0
| 122|0x0000000712600000, 0x0000000712800000, 0x0000000712800000|100%| E|CS|TAMS 0x0000000712600000| PB 0x0000000712600000| Complete |  0
| 123|0x0000000712800000, 0x0000000712a00000, 0x0000000712a00000|100%| E|CS|TAMS 0x0000000712800000| PB 0x0000000712800000| Complete |  0
| 124|0x0000000712a00000, 0x0000000712c00000, 0x0000000712c00000|100%| E|CS|TAMS 0x0000000712a00000| PB 0x0000000712a00000| Complete |  0
| 125|0x0000000712c00000, 0x0000000712e00000, 0x0000000712e00000|100%| E|CS|TAMS 0x0000000712c00000| PB 0x0000000712c00000| Complete |  0
| 126|0x0000000712e00000, 0x0000000713000000, 0x0000000713000000|100%| E|CS|TAMS 0x0000000712e00000| PB 0x0000000712e00000| Complete |  0

Card table byte_map: [0x0000025c6ce60000,0x0000025c6d650000] _byte_map_base: 0x0000025c69647000

Marking Bits: (CMBitMap*) 0x0000025c52edc1a0
 Bits: [0x0000025c6d650000, 0x0000025c71588000)

Polling page: 0x0000025c52f40000

Metaspace:

Usage:
  Non-class:      8.01 MB used.
      Class:    744.44 KB used.
       Both:      8.74 MB used.

Virtual space:
  Non-class space:       64.00 MB reserved,       8.19 MB ( 13%) committed,  1 nodes.
      Class space:        1.00 GB reserved,     896.00 KB ( <1%) committed,  1 nodes.
             Both:        1.06 GB reserved,       9.06 MB ( <1%) committed. 

Chunk freelists:
   Non-Class:  6.47 MB
       Class:  15.16 MB
        Both:  21.62 MB

MaxMetaspaceSize: unlimited
CompressedClassSpaceSize: 1.00 GB
Initial GC threshold: 21.00 MB
Current GC threshold: 21.00 MB
CDS: on
 - commit_granule_bytes: 65536.
 - commit_granule_words: 8192.
 - virtual_space_node_default_size: 8388608.
 - enlarge_chunks_in_place: 1.
 - use_allocation_guard: 0.


Internal statistics:

num_allocs_failed_limit: 0.
num_arena_births: 260.
num_arena_deaths: 0.
num_vsnodes_births: 2.
num_vsnodes_deaths: 0.
num_space_committed: 144.
num_space_uncommitted: 0.
num_chunks_returned_to_freelist: 0.
num_chunks_taken_from_freelist: 536.
num_chunk_merges: 0.
num_chunk_splits: 367.
num_chunks_enlarged: 249.
num_inconsistent_stats: 0.

CodeHeap 'non-profiled nmethods': size=120000Kb used=2012Kb max_used=2012Kb free=117988Kb
 bounds [0x0000025c646e0000, 0x0000025c64950000, 0x0000025c6bc10000]
CodeHeap 'profiled nmethods': size=120000Kb used=4240Kb max_used=4240Kb free=115760Kb
 bounds [0x0000025c5cc10000, 0x0000025c5d040000, 0x0000025c64140000]
CodeHeap 'non-nmethods': size=5760Kb used=2622Kb max_used=2664Kb free=3137Kb
 bounds [0x0000025c64140000, 0x0000025c643f0000, 0x0000025c646e0000]
 total_blobs=3634 nmethods=2476 adapters=1062
 compilation: enabled
              stopped_count=0, restarted_count=0
 full_count=0

Compilation events (20 events):
Event: 98.166 Thread 0x0000025c74063250 2469       3       com.badlogic.gdx.scenes.scene2d.ui.TextField::paste (280 bytes)
Event: 98.169 Thread 0x0000025c74063250 nmethod 2469 0x0000025c5d030610 code [0x0000025c5d0309a0, 0x0000025c5d032510]
Event: 98.500 Thread 0x0000025c740623f0 2470       4       java.lang.StringConcatHelper::newArray (40 bytes)
Event: 98.502 Thread 0x0000025c740623f0 nmethod 2470 0x0000025c648d6310 code [0x0000025c648d64a0, 0x0000025c648d65e0]
Event: 98.885 Thread 0x0000025c740623f0 2471       4       java.nio.charset.CoderResult::isUnderflow (13 bytes)
Event: 98.886 Thread 0x0000025c740623f0 nmethod 2471 0x0000025c648d6710 code [0x0000025c648d6880, 0x0000025c648d6918]
Event: 139.898 Thread 0x0000025c74063250 2472       3       java.util.ArrayList::spliterator (12 bytes)
Event: 139.898 Thread 0x0000025c74063250 nmethod 2472 0x0000025c5d032f90 code [0x0000025c5d033140, 0x0000025c5d0333d8]
Event: 139.898 Thread 0x0000025c74063250 2473       3       java.util.ArrayList$ArrayListSpliterator::<init> (26 bytes)
Event: 139.899 Thread 0x0000025c74063250 nmethod 2473 0x0000025c5d033510 code [0x0000025c5d0336a0, 0x0000025c5d033878]
Event: 139.899 Thread 0x0000025c740623f0 2474       4       java.nio.CharBuffer::array (35 bytes)
Event: 139.900 Thread 0x0000025c74063250 2475       3       java.io.OutputStream::flush (1 bytes)
Event: 139.900 Thread 0x0000025c74063250 nmethod 2475 0x0000025c5d033910 code [0x0000025c5d033aa0, 0x0000025c5d033ba8]
Event: 139.901 Thread 0x0000025c740623f0 nmethod 2474 0x0000025c648d6a10 code [0x0000025c648d6ba0, 0x0000025c648d6c70]
Event: 139.943 Thread 0x0000025c740623f0 2476       4       java.lang.String::<init> (98 bytes)
Event: 139.945 Thread 0x0000025c74063250 2477       3       java.util.HashMap$ValueIterator::next (8 bytes)
Event: 139.946 Thread 0x0000025c74063250 nmethod 2477 0x0000025c5d033c10 code [0x0000025c5d033dc0, 0x0000025c5d033f10]
Event: 139.946 Thread 0x0000025c74063250 2478       1       java.lang.Module::getDescriptor (5 bytes)
Event: 139.946 Thread 0x0000025c74063250 nmethod 2478 0x0000025c648d6d10 code [0x0000025c648d6ea0, 0x0000025c648d6f70]
Event: 139.948 Thread 0x0000025c74063250 2480       3       java.lang.invoke.MethodHandle::getApproximateCommonClassLoader (58 bytes)

GC Heap History (4 events):
Event: 2.662 GC heap before
{Heap before GC invocations=0 (full 0):
 garbage-first heap   total reserved 4143104K, committed 260096K, used 24576K [0x0000000703200000, 0x0000000800000000)
  region size 2048K, 12 young (24576K), 0 survivors (0K)
 Metaspace       used 7455K, committed 7616K, reserved 1114112K
  class space    used 591K, committed 640K, reserved 1048576K
}
Event: 2.665 GC heap after
{Heap after GC invocations=1 (full 0):
 garbage-first heap   total reserved 4143104K, committed 260096K, used 2894K [0x0000000703200000, 0x0000000800000000)
  region size 2048K, 2 young (4096K), 2 survivors (4096K)
 Metaspace       used 7455K, committed 7616K, reserved 1114112K
  class space    used 591K, committed 640K, reserved 1048576K
}
Event: 65.600 GC heap before
{Heap before GC invocations=1 (full 0):
 garbage-first heap   total reserved 4143104K, committed 260096K, used 45902K [0x0000000703200000, 0x0000000800000000)
  region size 2048K, 23 young (47104K), 2 survivors (4096K)
 Metaspace       used 8785K, committed 9088K, reserved 1114112K
  class space    used 728K, committed 896K, reserved 1048576K
}
Event: 65.604 GC heap after
{Heap after GC invocations=2 (full 0):
 garbage-first heap   total reserved 4143104K, committed 260096K, used 4669K [0x0000000703200000, 0x0000000800000000)
  region size 2048K, 3 young (6144K), 3 survivors (6144K)
 Metaspace       used 8785K, committed 9088K, reserved 1114112K
  class space    used 728K, committed 896K, reserved 1048576K
}

Dll operation events (11 events):
Event: 0.015 Loaded shared library C:\Users\galay\.jdks\corretto-22.0.2\bin\java.dll
Event: 0.017 Loaded shared library C:\Users\galay\.jdks\corretto-22.0.2\bin\zip.dll
Event: 0.062 Loaded shared library C:\Users\galay\.jdks\corretto-22.0.2\bin\jsvml.dll
Event: 0.119 Loaded shared library C:\Users\galay\.jdks\corretto-22.0.2\bin\instrument.dll
Event: 0.140 Loaded shared library C:\Users\galay\.jdks\corretto-22.0.2\bin\net.dll
Event: 0.141 Loaded shared library C:\Users\galay\.jdks\corretto-22.0.2\bin\nio.dll
Event: 0.152 Loaded shared library C:\Users\galay\.jdks\corretto-22.0.2\bin\zip.dll
Event: 0.182 Loaded shared library C:\Users\galay\.jdks\corretto-22.0.2\bin\jimage.dll
Event: 0.191 Loaded shared library C:\ProgramData\libGDX-temp\libgdxgalay\2a9d7f76\gdx64.dll
Event: 0.240 Loaded shared library C:\ProgramData\libGDX-temp\lwjgl_galay\3.3.3-snapshot\x64\lwjgl.dll
Event: 0.931 Loaded shared library C:\ProgramData\libGDX-temp\lwjgl_galay\3.3.3-snapshot\x64\lwjgl_opengl.dll

Deoptimization events (20 events):
Event: 76.575 Thread 0x0000025c4cffae30 Uncommon trap: trap_request=0xffffffde fr.pc=0x0000025c6484ab70 relative=0x0000000000000390
Event: 76.575 Thread 0x0000025c4cffae30 Uncommon trap: reason=class_check action=maybe_recompile pc=0x0000025c6484ab70 method=java.util.Comparator.lambda$comparingInt$7b0bb60$1(Ljava/util/function/ToIntFunction;Ljava/lang/Object;Ljava/lang/Object;)I @ 2 c2
Event: 76.575 Thread 0x0000025c4cffae30 DEOPT PACKING pc=0x0000025c6484ab70 sp=0x000000b622bff090
Event: 76.575 Thread 0x0000025c4cffae30 DEOPT UNPACKING pc=0x0000025c64197da2 sp=0x000000b622bfeed8 mode 2
Event: 76.575 Thread 0x0000025c4cffae30 Uncommon trap: trap_request=0xffffffde fr.pc=0x0000025c6484b860 relative=0x0000000000000280
Event: 76.575 Thread 0x0000025c4cffae30 Uncommon trap: reason=class_check action=maybe_recompile pc=0x0000025c6484b860 method=java.util.Comparator.lambda$comparingInt$7b0bb60$1(Ljava/util/function/ToIntFunction;Ljava/lang/Object;Ljava/lang/Object;)I @ 2 c2
Event: 76.575 Thread 0x0000025c4cffae30 DEOPT PACKING pc=0x0000025c6484b860 sp=0x000000b622bfefe0
Event: 76.575 Thread 0x0000025c4cffae30 DEOPT UNPACKING pc=0x0000025c64197da2 sp=0x000000b622bfeed8 mode 2
Event: 83.883 Thread 0x0000025c52d226c0 DEOPT PACKING pc=0x0000025c5d010859 sp=0x000000b622efea30
Event: 83.883 Thread 0x0000025c52d226c0 DEOPT UNPACKING pc=0x0000025c641988e2 sp=0x000000b622efded0 mode 0
Event: 84.634 Thread 0x0000025c52d226c0 DEOPT PACKING pc=0x0000025c5d010859 sp=0x000000b622efea30
Event: 84.634 Thread 0x0000025c52d226c0 DEOPT UNPACKING pc=0x0000025c641988e2 sp=0x000000b622efded0 mode 0
Event: 85.367 Thread 0x0000025c52d226c0 DEOPT PACKING pc=0x0000025c5d010859 sp=0x000000b622efea30
Event: 85.367 Thread 0x0000025c52d226c0 DEOPT UNPACKING pc=0x0000025c641988e2 sp=0x000000b622efded0 mode 0
Event: 88.602 Thread 0x0000025c52d226c0 Uncommon trap: trap_request=0xffffff45 fr.pc=0x0000025c64812ab4 relative=0x0000000000000934
Event: 88.602 Thread 0x0000025c52d226c0 Uncommon trap: reason=unstable_if action=reinterpret pc=0x0000025c64812ab4 method=com.badlogic.gdx.scenes.scene2d.ui.Button.draw(Lcom/badlogic/gdx/graphics/g2d/Batch;F)V @ 246 c2
Event: 88.602 Thread 0x0000025c52d226c0 DEOPT PACKING pc=0x0000025c64812ab4 sp=0x000000b622efed40
Event: 88.602 Thread 0x0000025c52d226c0 DEOPT UNPACKING pc=0x0000025c64197da2 sp=0x000000b622efecf8 mode 2
Event: 93.217 Thread 0x0000025c52d226c0 DEOPT PACKING pc=0x0000025c5cf926b6 sp=0x000000b622efeec0
Event: 93.217 Thread 0x0000025c52d226c0 DEOPT UNPACKING pc=0x0000025c641988e2 sp=0x000000b622efe430 mode 0

Classes loaded (20 events):
Event: 139.947 Loading class jdk/internal/logger/AbstractLoggerWrapper
Event: 139.947 Loading class jdk/internal/logger/AbstractLoggerWrapper done
Event: 139.947 Loading class jdk/internal/logger/LazyLoggers$LazyLoggerWrapper done
Event: 139.947 Loading class jdk/internal/logger/LazyLoggers$JdkLazyLogger done
Event: 139.947 Loading class jdk/internal/logger/LazyLoggers$LazyLoggerAccessor
Event: 139.947 Loading class jdk/internal/logger/LazyLoggers$LoggerAccessor
Event: 139.947 Loading class jdk/internal/logger/LazyLoggers$LoggerAccessor done
Event: 139.947 Loading class jdk/internal/logger/LazyLoggers$LazyLoggerAccessor done
Event: 139.948 Loading class java/lang/System$Logger$Level
Event: 139.948 Loading class java/lang/System$Logger$Level done
Event: 139.948 Loading class jdk/internal/logger/SurrogateLogger
Event: 139.948 Loading class jdk/internal/logger/SimpleConsoleLogger
Event: 139.948 Loading class sun/util/logging/PlatformLogger$ConfigurableBridge$LoggerConfiguration
Event: 139.948 Loading class sun/util/logging/PlatformLogger$ConfigurableBridge$LoggerConfiguration done
Event: 139.948 Loading class jdk/internal/logger/SimpleConsoleLogger done
Event: 139.948 Loading class jdk/internal/logger/SurrogateLogger done
Event: 139.948 Loading class sun/util/logging/PlatformLogger
Event: 139.949 Loading class sun/util/logging/PlatformLogger done
Event: 139.949 Loading class sun/util/logging/PlatformLogger$Level
Event: 139.949 Loading class sun/util/logging/PlatformLogger$Level done

Classes unloaded (0 events):
No events

Classes redefined (0 events):
No events

Internal exceptions (20 events):
Event: 0.347 Thread 0x0000025c52d226c0 Exception <a 'sun/nio/fs/WindowsException'{0x00000007124094a8}> (0x00000007124094a8) 
thrown [s\src\hotspot\share\prims\jni.cpp, line 520]
Event: 0.347 Thread 0x0000025c52d226c0 Exception <a 'sun/nio/fs/WindowsException'{0x0000000712409808}> (0x0000000712409808) 
thrown [s\src\hotspot\share\prims\jni.cpp, line 520]
Event: 0.351 Thread 0x0000025c52d226c0 Exception <a 'java/lang/NoSuchMethodError'{0x0000000712410ab0}: 'int java.lang.invoke.Invokers$Holder.invokeExact_MT(java.lang.Object, java.lang.Object)'> (0x0000000712410ab0) 
thrown [s\src\hotspot\share\interpreter\linkResolver.cpp, line 774]
Event: 0.450 Thread 0x0000025c52d226c0 Exception <a 'sun/nio/fs/WindowsException'{0x00000007124d4d78}> (0x00000007124d4d78) 
thrown [s\src\hotspot\share\prims\jni.cpp, line 520]
Event: 0.450 Thread 0x0000025c52d226c0 Exception <a 'sun/nio/fs/WindowsException'{0x00000007124d50f8}> (0x00000007124d50f8) 
thrown [s\src\hotspot\share\prims\jni.cpp, line 520]
Event: 0.787 Thread 0x0000025c52d226c0 Exception <a 'java/lang/NoSuchMethodError'{0x0000000712507108}: 'java.lang.Object java.lang.invoke.DirectMethodHandle$Holder.newInvokeSpecial(java.lang.Object, long)'> (0x0000000712507108) 
thrown [s\src\hotspot\share\interpreter\linkResolver.cpp, line 774]
Event: 0.916 Thread 0x0000025c52d226c0 Exception <a 'java/lang/NoSuchMethodError'{0x00000007122ed028}: 'void java.lang.invoke.DirectMethodHandle$Holder.invokeStatic(java.lang.Object, long)'> (0x00000007122ed028) 
thrown [s\src\hotspot\share\interpreter\linkResolver.cpp, line 774]
Event: 0.927 Thread 0x0000025c52d226c0 Exception <a 'java/lang/NoSuchMethodError'{0x000000071230a7c0}: 'void java.lang.System.load(java.lang.String, java.lang.Class)'> (0x000000071230a7c0) 
thrown [s\src\hotspot\share\interpreter\linkResolver.cpp, line 774]
Event: 0.927 Thread 0x0000025c52d226c0 Exception <a 'java/lang/NoSuchMethodError'{0x000000071230d210}: 'void java.lang.System.loadLibrary(java.lang.String, java.lang.Class)'> (0x000000071230d210) 
thrown [s\src\hotspot\share\interpreter\linkResolver.cpp, line 774]
Event: 0.930 Thread 0x0000025c52d226c0 Exception <a 'sun/nio/fs/WindowsException'{0x0000000712317a20}> (0x0000000712317a20) 
thrown [s\src\hotspot\share\prims\jni.cpp, line 520]
Event: 0.930 Thread 0x0000025c52d226c0 Exception <a 'sun/nio/fs/WindowsException'{0x0000000712317dc0}> (0x0000000712317dc0) 
thrown [s\src\hotspot\share\prims\jni.cpp, line 520]
Event: 0.933 Thread 0x0000025c52d226c0 Exception <a 'sun/nio/fs/WindowsException'{0x000000071231e7b8}> (0x000000071231e7b8) 
thrown [s\src\hotspot\share\prims\jni.cpp, line 520]
Event: 0.933 Thread 0x0000025c52d226c0 Exception <a 'sun/nio/fs/WindowsException'{0x000000071231ea88}> (0x000000071231ea88) 
thrown [s\src\hotspot\share\prims\jni.cpp, line 520]
Event: 1.472 Thread 0x0000025c52d226c0 Exception <a 'java/lang/NoSuchMethodError'{0x0000000711b783d0}: 'void java.lang.invoke.Invokers$Holder.invokeExact_MT(java.lang.Object, java.lang.Object, java.lang.Object, java.lang.Object)'> (0x0000000711b783d0) 
thrown [s\src\hotspot\share\interpreter\linkResolver.cpp, line 774]
Event: 10.672 Thread 0x0000025c52d226c0 Exception <a 'java/lang/NoSuchMethodError'{0x000000071193dee8}: 'java.lang.Object java.lang.invoke.DirectMethodHandle$Holder.newInvokeSpecial(java.lang.Object, java.lang.Object, int, java.lang.Object, java.lang.Object)'> (0x000000071193dee8) 
thrown [s\src\hotspot\share\interpreter\linkResolver.cpp, line 774]
Event: 10.679 Thread 0x0000025c52d226c0 Implicit null exception at 0x0000025c647943cb to 0x0000025c64795730
Event: 11.291 Thread 0x0000025c4520c580 Exception <a 'java/lang/NoSuchMethodError'{0x00000007119902c8}: 'int java.lang.invoke.DirectMethodHandle$Holder.invokeVirtual(java.lang.Object, java.lang.Object)'> (0x00000007119902c8) 
thrown [s\src\hotspot\share\interpreter\linkResolver.cpp, line 774]
Event: 11.293 Thread 0x0000025c4520c580 Exception <a 'java/lang/NoSuchMethodError'{0x0000000711999528}: 'void java.lang.invoke.DirectMethodHandle$Holder.invokeInterface(java.lang.Object, java.lang.Object, java.lang.Object)'> (0x0000000711999528) 
thrown [s\src\hotspot\share\interpreter\linkResolver.cpp, line 774]
Event: 11.317 Thread 0x0000025c4520c580 Exception <a 'java/lang/NoSuchMethodError'{0x00000007119e2e68}: 'java.lang.Object java.lang.invoke.Invokers$Holder.invokeExact_MT(java.lang.Object, java.lang.Object, java.lang.Object, java.lang.Object, java.lang.Object, java.lang.Object)'> (0x00000007119e2e68) 
thrown [s\src\hotspot\share\interpreter\linkResolver.cpp, line 774]
Event: 14.150 Thread 0x0000025c4520c580 Exception <a 'java/lang/NoSuchMethodError'{0x0000000711235248}: 'java.lang.Object java.lang.invoke.DirectMethodHandle$Holder.invokeSpecial(java.lang.Object, java.lang.Object, int, java.lang.Object, int)'> (0x0000000711235248) 
thrown [s\src\hotspot\share\interpreter\linkResolver.cpp, line 774]

ZGC Phase Switch (0 events):
No events

VM Operations (20 events):
Event: 99.583 Executing VM operation: get/set locals done
Event: 102.837 Executing VM operation: get/set locals
Event: 102.837 Executing VM operation: get/set locals done
Event: 102.837 Executing VM operation: get/set locals
Event: 102.837 Executing VM operation: get/set locals done
Event: 102.838 Executing VM operation: get/set locals
Event: 102.838 Executing VM operation: get/set locals done
Event: 102.838 Executing VM operation: get/set locals
Event: 102.838 Executing VM operation: get/set locals done
Event: 109.749 Executing VM operation: get/set locals
Event: 109.749 Executing VM operation: get/set locals done
Event: 139.891 Executing VM operation: ChangeBreakpoints
Event: 139.891 Executing VM operation: ChangeBreakpoints done
Event: 139.891 Executing VM operation: ChangeBreakpoints
Event: 139.892 Executing VM operation: ChangeBreakpoints done
Event: 139.892 Executing VM operation: ChangeBreakpoints
Event: 139.892 Executing VM operation: ChangeBreakpoints done
Event: 139.892 Executing VM operation: ChangeBreakpoints
Event: 139.892 Executing VM operation: ChangeBreakpoints done
Event: 139.949 Executing VM operation: Exit

Memory protections (0 events):
No events

Nmethod flushes (0 events):
No events

Events (20 events):
Event: 0.104 Thread 0x0000025c45341500 Thread added: 0x0000025c4533b6f0
Event: 0.134 Thread 0x0000025c52d226c0 Thread added: 0x0000025c4532ed60
Event: 0.456 Thread 0x0000025c452d4970 Thread exited: 0x0000025c452d4970
Event: 0.797 Thread 0x0000025c52d226c0 Thread added: 0x0000025c459f0430
Event: 1.482 Thread 0x0000025c74063250 Thread added: 0x0000025c4cf992a0
Event: 1.514 Thread 0x0000025c52d226c0 Thread added: 0x0000025c4cea13a0
Event: 1.695 Thread 0x0000025c4cf992a0 Thread exited: 0x0000025c4cf992a0
Event: 2.676 Thread 0x0000025c74063250 Thread added: 0x0000025c4d1cd1d0
Event: 2.869 Thread 0x0000025c4d1cd1d0 Thread exited: 0x0000025c4d1cd1d0
Event: 4.197 Thread 0x0000025c74063250 Thread added: 0x0000025c4d3450e0
Event: 4.437 Thread 0x0000025c4d3450e0 Thread exited: 0x0000025c4d3450e0
Event: 11.289 Thread 0x0000025c52d226c0 Thread added: 0x0000025c4520c580
Event: 61.522 Thread 0x0000025c4520c580 Thread exited: 0x0000025c4520c580
Event: 76.569 Thread 0x0000025c52d226c0 Thread added: 0x0000025c4cffae30
Event: 76.576 Thread 0x0000025c74063250 Thread added: 0x0000025c4d556ba0
Event: 77.234 Thread 0x0000025c4d556ba0 Thread exited: 0x0000025c4d556ba0
Event: 139.891 Thread 0x0000025c4533b6f0 Thread exited: 0x0000025c4533b6f0
Event: 139.897 Thread 0x0000025c45341500 Thread exited: 0x0000025c45341500
Event: 139.944 Thread 0x0000025c74058c20 Thread added: 0x0000025c4533b6f0
Event: 139.949 Thread 0x0000025c4533b6f0 Before exit entered


Dynamic libraries:
0x00007ff73fa30000 - 0x00007ff73fa3e000 	C:\Users\galay\.jdks\corretto-22.0.2\bin\java.exe
0x00007ff9cf710000 - 0x00007ff9cf908000 	C:\Windows\SYSTEM32\ntdll.dll
0x00007ff9cf130000 - 0x00007ff9cf1f2000 	C:\Windows\System32\KERNEL32.DLL
0x00007ff9cd150000 - 0x00007ff9cd44e000 	C:\Windows\System32\KERNELBASE.dll
0x00007ff9cd450000 - 0x00007ff9cd550000 	C:\Windows\System32\ucrtbase.dll
0x00007ff9c5d70000 - 0x00007ff9c5d87000 	C:\Users\galay\.jdks\corretto-22.0.2\bin\jli.dll
0x00007ff9c5d50000 - 0x00007ff9c5d6b000 	C:\Users\galay\.jdks\corretto-22.0.2\bin\VCRUNTIME140.dll
0x00007ff9cd9f0000 - 0x00007ff9cdb8d000 	C:\Windows\System32\USER32.dll
0x00007ff9cd650000 - 0x00007ff9cd672000 	C:\Windows\System32\win32u.dll
0x00007ff9ac120000 - 0x00007ff9ac3ba000 	C:\Windows\WinSxS\amd64_microsoft.windows.common-controls_6595b64144ccf1df_6.0.19041.4355_none_60b8b9eb71f62e16\COMCTL32.dll
0x00007ff9cee30000 - 0x00007ff9cee5b000 	C:\Windows\System32\GDI32.dll
0x00007ff9cdde0000 - 0x00007ff9cde7e000 	C:\Windows\System32\msvcrt.dll
0x00007ff9ccf60000 - 0x00007ff9cd077000 	C:\Windows\System32\gdi32full.dll
0x00007ff9cd080000 - 0x00007ff9cd11d000 	C:\Windows\System32\msvcp_win.dll
0x00007ff9ce050000 - 0x00007ff9ce07f000 	C:\Windows\System32\IMM32.DLL
0x00007ff9c5d00000 - 0x00007ff9c5d0c000 	C:\Users\galay\.jdks\corretto-22.0.2\bin\vcruntime140_1.dll
0x00007ff9c4bc0000 - 0x00007ff9c4c4d000 	C:\Users\galay\.jdks\corretto-22.0.2\bin\msvcp140.dll
0x00007ff97a1a0000 - 0x00007ff97af71000 	C:\Users\galay\.jdks\corretto-22.0.2\bin\server\jvm.dll
0x00007ff9cdd20000 - 0x00007ff9cddd1000 	C:\Windows\System32\ADVAPI32.dll
0x00007ff9ceee0000 - 0x00007ff9cef7f000 	C:\Windows\System32\sechost.dll
0x00007ff9ce460000 - 0x00007ff9ce583000 	C:\Windows\System32\RPCRT4.dll
0x00007ff9cd120000 - 0x00007ff9cd147000 	C:\Windows\System32\bcrypt.dll
0x00007ff9cee70000 - 0x00007ff9ceedb000 	C:\Windows\System32\WS2_32.dll
0x00007ff9cc2f0000 - 0x00007ff9cc33b000 	C:\Windows\SYSTEM32\POWRPROF.dll
0x00007ff9bf480000 - 0x00007ff9bf4a7000 	C:\Windows\SYSTEM32\WINMM.dll
0x00007ff9cbb00000 - 0x00007ff9cbb0a000 	C:\Windows\SYSTEM32\VERSION.dll
0x00007ff9cc1b0000 - 0x00007ff9cc1c2000 	C:\Windows\SYSTEM32\UMPDC.dll
0x00007ff9cba50000 - 0x00007ff9cba62000 	C:\Windows\SYSTEM32\kernel.appcore.dll
0x00007ff9c5cf0000 - 0x00007ff9c5cfa000 	C:\Users\galay\.jdks\corretto-22.0.2\bin\jimage.dll
0x00007ff9cb040000 - 0x00007ff9cb224000 	C:\Windows\SYSTEM32\DBGHELP.DLL
0x00007ff998850000 - 0x00007ff998884000 	C:\Windows\SYSTEM32\dbgcore.DLL
0x00007ff9cd5c0000 - 0x00007ff9cd642000 	C:\Windows\System32\bcryptPrimitives.dll
0x00007ff99f1f0000 - 0x00007ff99f22c000 	C:\Users\galay\.jdks\corretto-22.0.2\bin\jdwp.dll
0x00007ff9c5ce0000 - 0x00007ff9c5cee000 	C:\Users\galay\.jdks\corretto-22.0.2\bin\instrument.dll
0x00007ff9c4ba0000 - 0x00007ff9c4bbe000 	C:\Users\galay\.jdks\corretto-22.0.2\bin\java.dll
0x00007ff9ce6c0000 - 0x00007ff9cee2d000 	C:\Windows\System32\SHELL32.dll
0x00007ff9cd8c0000 - 0x00007ff9cd9eb000 	C:\Windows\System32\ole32.dll
0x00007ff9ce100000 - 0x00007ff9ce453000 	C:\Windows\System32\combase.dll
0x00007ff9c3300000 - 0x00007ff9c3317000 	C:\Users\galay\.jdks\corretto-22.0.2\bin\zip.dll
0x00007ff9ca7c0000 - 0x00007ff9caf64000 	C:\Windows\SYSTEM32\windows.storage.dll
0x00007ff9cc7e0000 - 0x00007ff9cc80e000 	C:\Windows\SYSTEM32\Wldp.dll
0x00007ff9cd730000 - 0x00007ff9cd7fd000 	C:\Windows\System32\OLEAUT32.dll
0x00007ff9cdb90000 - 0x00007ff9cdc3d000 	C:\Windows\System32\SHCORE.dll
0x00007ff9ce5b0000 - 0x00007ff9ce605000 	C:\Windows\System32\shlwapi.dll
0x00007ff9ccce0000 - 0x00007ff9ccd04000 	C:\Windows\SYSTEM32\profapi.dll
0x00007ff95a330000 - 0x00007ff95a407000 	C:\Users\galay\.jdks\corretto-22.0.2\bin\jsvml.dll
0x00007ff9c32c0000 - 0x00007ff9c32cc000 	C:\Users\galay\.jdks\corretto-22.0.2\bin\dt_socket.dll
0x00007ff9cc1d0000 - 0x00007ff9cc20b000 	C:\Windows\SYSTEM32\IPHLPAPI.DLL
0x00007ff9cc540000 - 0x00007ff9cc5aa000 	C:\Windows\system32\mswsock.dll
0x00007ff9c4b90000 - 0x00007ff9c4ba0000 	C:\Users\galay\.jdks\corretto-22.0.2\bin\net.dll
0x00007ff9b46c0000 - 0x00007ff9b46d6000 	C:\Users\galay\.jdks\corretto-22.0.2\bin\nio.dll
0x000000006e700000 - 0x000000006e72d000 	C:\ProgramData\libGDX-temp\libgdxgalay\2a9d7f76\gdx64.dll
0x00007ff9597f0000 - 0x00007ff95986b000 	C:\ProgramData\libGDX-temp\lwjgl_galay\3.3.3-snapshot\x64\lwjgl.dll
0x00007ff94e520000 - 0x00007ff94e790000 	C:\ProgramData\libGDX-temp\lwjgl_galay\3.3.3-snapshot\x64\jemalloc.dll
0x00007ff959760000 - 0x00007ff9597e2000 	C:\ProgramData\libGDX-temp\lwjgl_galay\3.3.3-snapshot\x64\glfw.dll
0x00007ff9814b0000 - 0x00007ff9814f5000 	C:\Windows\SYSTEM32\dinput8.dll
0x00007ff9b44d0000 - 0x00007ff9b44e1000 	C:\Windows\SYSTEM32\xinput1_4.dll
0x00007ff9ccdb0000 - 0x00007ff9ccdfe000 	C:\Windows\System32\cfgmgr32.dll
0x00007ff9ccb40000 - 0x00007ff9ccb73000 	C:\Windows\SYSTEM32\DEVOBJ.dll
0x00007ff9c9f90000 - 0x00007ff9c9fbf000 	C:\Windows\SYSTEM32\dwmapi.dll
0x00007ff98d100000 - 0x00007ff98d252000 	C:\Windows\SYSTEM32\inputhost.dll
0x00007ff9c6860000 - 0x00007ff9c69b7000 	C:\Windows\SYSTEM32\wintypes.dll
0x00007ff9c5030000 - 0x00007ff9c5122000 	C:\Windows\SYSTEM32\CoreMessaging.dll
0x00007ff9c4810000 - 0x00007ff9c4b6b000 	C:\Windows\SYSTEM32\CoreUIComponents.dll
0x00007ff9c74d0000 - 0x00007ff9c75c6000 	C:\Windows\SYSTEM32\PROPSYS.dll
0x00007ff9cc040000 - 0x00007ff9cc073000 	C:\Windows\SYSTEM32\ntmarta.dll
0x00007ff9c9eb0000 - 0x00007ff9c9f4e000 	C:\Windows\system32\uxtheme.dll
0x00007ff99c7f0000 - 0x00007ff99c923000 	C:\ProgramData\A-Volute\A-Volute.Nahimic\Modules\Scheduled\x64\AudioDevProps2.dll
0x00007ff99cbc0000 - 0x00007ff99cc1e000 	C:\Program Files\Huawei\PCManager\plugins\PerfWndMonModule.dll
0x00007ff9cdf10000 - 0x00007ff9ce025000 	C:\Windows\System32\MSCTF.dll
0x00007ff954ee0000 - 0x00007ff9550a7000 	C:\ProgramData\libGDX-temp\lwjgl_galay\3.3.3-snapshot\x64\OpenAL.dll
0x00007ff9ce610000 - 0x00007ff9ce6b9000 	C:\Windows\System32\clbcatq.dll
0x00007ff9c4780000 - 0x00007ff9c4805000 	C:\Windows\System32\MMDevApi.dll
0x00007ff9c4c50000 - 0x00007ff9c4dd1000 	C:\Windows\SYSTEM32\AudioSes.dll
0x00007ff977b00000 - 0x00007ff977b67000 	C:\ProgramData\A-Volute\A-Volute.Nahimic\Modules\Scheduled\x64\ProductInfo.dll
0x00007ff95e6a0000 - 0x00007ff95e6e3000 	C:\ProgramData\A-Volute\A-Volute.Nahimic\Modules\Scheduled\x64\ASM.Plugin.AudioDevProps2.dll
0x00007ff9c9fc0000 - 0x00007ff9c9fd4000 	C:\Windows\SYSTEM32\resourcepolicyclient.dll
0x00007ff988590000 - 0x00007ff9886b8000 	C:\Windows\SYSTEM32\opengl32.dll
0x00007ff988520000 - 0x00007ff98854c000 	C:\Windows\SYSTEM32\GLU32.dll
0x00007ff9c2260000 - 0x00007ff9c2362000 	C:\Windows\System32\AppXDeploymentClient.dll
0x00007ff924e40000 - 0x00007ff925e13000 	C:\Windows\System32\DriverStore\FileRepository\iigd_dch.inf_amd64_225f37aa3862fc3f\igxelpicd64.dll
0x00007ff9cb370000 - 0x00007ff9cb466000 	C:\Windows\system32\dxgi.dll
0x00007ff931030000 - 0x00007ff9314b7000 	C:\Windows\System32\DriverStore\FileRepository\iigd_dch.inf_amd64_225f37aa3862fc3f\igdml64.dll
0x00007ff9bcde0000 - 0x00007ff9bd1a1000 	C:\Windows\System32\DriverStore\FileRepository\iigd_dch.inf_amd64_225f37aa3862fc3f\igdgmm64.dll
0x00007ff9b9bd0000 - 0x00007ff9bcdd6000 	C:\Windows\System32\DriverStore\FileRepository\iigd_dch.inf_amd64_225f37aa3862fc3f\igc64.dll
0x00007ff9c5f50000 - 0x00007ff9c5ffe000 	C:\Windows\SYSTEM32\mscms.dll
0x00007ff9ccc60000 - 0x00007ff9ccc8e000 	C:\Windows\SYSTEM32\USERENV.dll
0x00007ff9c5f00000 - 0x00007ff9c5f11000 	C:\Windows\SYSTEM32\ColorAdapterClient.dll
0x00007ff96aa40000 - 0x00007ff96aa85000 	C:\Windows\SYSTEM32\icm32.dll
0x00007ff959700000 - 0x00007ff95975e000 	C:\ProgramData\libGDX-temp\lwjgl_galay\3.3.3-snapshot\x64\lwjgl_opengl.dll
0x00007ff990380000 - 0x00007ff990479000 	C:\Windows\SYSTEM32\textinputframework.dll
0x00007ff9ad1e0000 - 0x00007ff9ad246000 	C:\Windows\system32\Oleacc.dll

dbghelp: loaded successfully - version: 4.0.5 - missing functions: none
symbol engine: initialized successfully - sym options: 0x614 - pdb path: .;C:\Users\galay\.jdks\corretto-22.0.2\bin;C:\Windows\SYSTEM32;C:\Windows\WinSxS\amd64_microsoft.windows.common-controls_6595b64144ccf1df_6.0.19041.4355_none_60b8b9eb71f62e16;C:\Users\galay\.jdks\corretto-22.0.2\bin\server;C:\ProgramData\libGDX-temp\libgdxgalay\2a9d7f76;C:\ProgramData\libGDX-temp\lwjgl_galay\3.3.3-snapshot\x64;C:\ProgramData\A-Volute\A-Volute.Nahimic\Modules\Scheduled\x64;C:\Program Files\Huawei\PCManager\plugins;C:\Windows\System32\DriverStore\FileRepository\iigd_dch.inf_amd64_225f37aa3862fc3f

VM Arguments:
jvm_args: -agentlib:jdwp=transport=dt_socket,address=127.0.0.1:42034,suspend=y,server=n -javaagent:C:\Users\galay\AppData\Local\JetBrains\IdeaIC2024.2\captureAgent\debugger-agent.jar -Dkotlinx.coroutines.debug.enable.creation.stack.trace=false -Ddebugger.agent.enable.coroutines=true -Dfile.encoding=UTF-8 -Dsun.stdout.encoding=UTF-8 -Dsun.stderr.encoding=UTF-8 
java_command: C:\Project\Heroes Battle-1.0.0.jar
java_class_path (initial): C:\Project\Heroes Battle-1.0.0.jar
Launcher Type: SUN_STANDARD

[Global flags]
     intx CICompilerCount                          = 4                                         {product} {ergonomic}
     uint ConcGCThreads                            = 2                                         {product} {ergonomic}
     uint G1ConcRefinementThreads                  = 8                                         {product} {ergonomic}
   size_t G1HeapRegionSize                         = 2097152                                   {product} {ergonomic}
   size_t InitialHeapSize                          = 266338304                                 {product} {ergonomic}
   size_t MarkStackSize                            = 4194304                                   {product} {ergonomic}
   size_t MaxHeapSize                              = 4242538496                                {product} {ergonomic}
   size_t MaxNewSize                               = 2543845376                                {product} {ergonomic}
   size_t MinHeapDeltaBytes                        = 2097152                                   {product} {ergonomic}
   size_t MinHeapSize                              = 8388608                                   {product} {ergonomic}
    uintx NonNMethodCodeHeapSize                   = 5839372                                {pd product} {ergonomic}
    uintx NonProfiledCodeHeapSize                  = 122909434                              {pd product} {ergonomic}
    uintx ProfiledCodeHeapSize                     = 122909434                              {pd product} {ergonomic}
    uintx ReservedCodeCacheSize                    = 251658240                              {pd product} {ergonomic}
     bool SegmentedCodeCache                       = true                                      {product} {ergonomic}
   size_t SoftMaxHeapSize                          = 4242538496                             {manageable} {ergonomic}
     bool UseCompressedOops                        = true                           {product lp64_product} {ergonomic}
     bool UseG1GC                                  = true                                      {product} {ergonomic}
     bool UseLargePagesIndividualAllocation        = false                                  {pd product} {ergonomic}

Logging:
Log output configuration:
 #0: stdout all=off uptime,level,tags foldmultilines=false
 #1: stderr all=off uptime,level,tags foldmultilines=false

Environment Variables:
PATH=C:\Program Files\Common Files\Oracle\Java\javapath;C:\Windows\system32;C:\Windows;C:\Windows\System32\Wbem;C:\Windows\System32\WindowsPowerShell\v1.0\;C:\Windows\System32\OpenSSH\;C:\Program Files (x86)\dotnet\;C:\Program Files\dotnet\;C:\Program Files\Microsoft SQL Server\150\Tools\Binn\;C:\Program Files\Microsoft SQL Server\Client SDK\ODBC\170\Tools\Binn\;C:\Program Files\Docker\Docker\resources\bin;C:\Program Files\Git\cmd;C:\Users\galay\AppData\Local\Microsoft\WindowsApps;;C:\Users\galay\AppData\Local\Programs\Microsoft VS Code\bin;C:\Users\galay\.dotnet\tools;C:\Program Files\JetBrains\IntelliJ IDEA Community Edition 2024.2.1\bin;;C:\Program Files\JetBrains\PyCharm 2024.1.4\bin;;C:\Program Files\JetBrains\PyCharm Community Edition 2024.3.1.1\bin;
USERNAME=galay
OS=Windows_NT
PROCESSOR_IDENTIFIER=Intel64 Family 6 Model 140 Stepping 1, GenuineIntel
TMP=C:\Users\galay\AppData\Local\Temp
TEMP=C:\Users\galay\AppData\Local\Temp




Periodic native trim disabled

---------------  S Y S T E M  ---------------

OS:
 Windows 10 , 64 bit Build 19041 (10.0.19041.5198)
OS uptime: 0 days 12:10 hours
Hyper-V role detected

CPU: total 8 (initial active 8) (4 cores per cpu, 2 threads per core) family 6 model 140 stepping 1 microcode 0x8a, cx8, cmov, fxsr, ht, mmx, 3dnowpref, sse, sse2, sse3, ssse3, sse4.1, sse4.2, popcnt, lzcnt, tsc, tscinvbit, avx, avx2, aes, erms, clmul, bmi1, bmi2, adx, avx512f, avx512dq, avx512cd, avx512bw, avx512vl, sha, fma, vzeroupper, avx512_vpopcntdq, avx512_vpclmulqdq, avx512_vaes, avx512_vnni, clflush, clflushopt, clwb, avx512_vbmi2, avx512_vbmi, hv, rdtscp, rdpid, fsrm, gfni, avx512_bitalg, f16c, cet_ibt, cet_ss, avx512_ifma
Processor Information for processor 0
  Max Mhz: 2803, Current Mhz: 1001, Mhz Limit: 2803
Processor Information for processor 1
  Max Mhz: 2803, Current Mhz: 2803, Mhz Limit: 2803
Processor Information for processor 2
  Max Mhz: 2803, Current Mhz: 2803, Mhz Limit: 2803
Processor Information for processor 3
  Max Mhz: 2803, Current Mhz: 2803, Mhz Limit: 2803
Processor Information for processor 4
  Max Mhz: 2803, Current Mhz: 2803, Mhz Limit: 2803
Processor Information for processor 5
  Max Mhz: 2803, Current Mhz: 1001, Mhz Limit: 2803
Processor Information for processor 6
  Max Mhz: 2803, Current Mhz: 1001, Mhz Limit: 2803
Processor Information for processor 7
  Max Mhz: 2803, Current Mhz: 1001, Mhz Limit: 2803

Memory: 4k page, system-wide physical 16183M (7518M free)
TotalPageFile size 18615M (AvailPageFile size 5643M)
current process WorkingSet (physical memory assigned to process): 270M, peak: 286M
current process commit charge ("private bytes"): 478M, peak: 494M

vm_info: OpenJDK 64-Bit Server VM (22.0.2+9-FR) for windows-amd64 JRE (22.0.2+9-FR), built on 2024-07-09T01:10:09Z by "Administrator" with MS VC++ 16.10 / 16.11 (VS2019)

END.
